[22-Oct-2025 13:56:35 UTC] ✅ Reward subscription created for user #9, subscription ID: #21
[24-Oct-2025 11:00:48 UTC] Automatic updates starting...
[24-Oct-2025 11:00:50 UTC]   Automatic plugin updates starting...
[24-Oct-2025 11:00:50 UTC]   Automatic plugin updates complete.
[24-Oct-2025 11:00:51 UTC]   Automatic theme updates starting...
[24-Oct-2025 11:00:51 UTC]   Automatic theme updates complete.
[24-Oct-2025 11:00:51 UTC] Automatic updates complete.
[27-Oct-2025 04:48:21 UTC] PHP Warning:  mysqli_real_connect(): (HY000/2002): No connection could be made because the target machine actively refused it in D:\xampp\htdocs\airport\wp-includes\class-wpdb.php on line 1988
[27-Oct-2025 09:11:20 UTC] Automatic updates starting...
[27-Oct-2025 09:11:22 UTC]   Automatic plugin updates starting...
[27-Oct-2025 09:11:22 UTC]   Automatic plugin updates complete.
[27-Oct-2025 09:11:23 UTC]   Automatic theme updates starting...
[27-Oct-2025 09:11:23 UTC]   Automatic theme updates complete.
[27-Oct-2025 09:11:23 UTC] Automatic updates complete.
[04-Nov-2025 10:02:01 UTC] Automatic updates starting...
[04-Nov-2025 10:02:03 UTC]   Automatic plugin updates starting...
[04-Nov-2025 10:02:03 UTC]   Automatic plugin updates complete.
[04-Nov-2025 10:02:04 UTC]   Automatic theme updates starting...
[04-Nov-2025 10:02:04 UTC]   Automatic theme updates complete.
[04-Nov-2025 10:02:04 UTC] Automatic updates complete.
[12-Nov-2025 12:38:13 UTC] Automatic updates starting...
[12-Nov-2025 12:38:15 UTC]   Automatic plugin updates starting...
[12-Nov-2025 12:38:15 UTC]   Automatic plugin updates complete.
[12-Nov-2025 12:38:16 UTC]   Automatic theme updates starting...
[12-Nov-2025 12:38:16 UTC]   Automatic theme updates complete.
[12-Nov-2025 12:38:16 UTC] Automatic updates complete.
[13-Nov-2025 04:54:48 UTC] Automatic updates starting...
[13-Nov-2025 04:54:48 UTC]   Automatic plugin updates starting...
[13-Nov-2025 04:54:48 UTC]   Automatic plugin updates complete.
[13-Nov-2025 04:54:48 UTC]   Automatic theme updates starting...
[13-Nov-2025 04:54:48 UTC]   Automatic theme updates complete.
[13-Nov-2025 04:54:48 UTC] Automatic updates complete.
[17-Nov-2025 03:26:19 UTC] Automatic updates starting...
[17-Nov-2025 03:26:20 UTC]   Automatic plugin updates starting...
[17-Nov-2025 03:26:20 UTC]   Automatic plugin updates complete.
[17-Nov-2025 03:26:21 UTC]   Automatic theme updates starting...
[17-Nov-2025 03:26:21 UTC]   Automatic theme updates complete.
[17-Nov-2025 03:26:21 UTC] Automatic updates complete.
[04-Dec-2025 11:20:02 UTC] Automatic updates starting...
[04-Dec-2025 11:20:05 UTC]   Automatic plugin updates starting...
[04-Dec-2025 11:20:05 UTC]   Automatic plugin updates complete.
[04-Dec-2025 11:20:06 UTC]   Automatic theme updates starting...
[04-Dec-2025 11:20:06 UTC]   Automatic theme updates complete.
[04-Dec-2025 11:20:06 UTC] Automatic updates complete.
